<?xml version="1.0" encoding="UTF-8"?>
<!-- Generated by org.testng.reporters.JUnitReportReporter -->
<testsuite hostname="BLRVMALAV62518" name="com.SeleMavenTest" tests="1" failures="0" timestamp="25 Feb 2017 13:11:59 GMT" time="0.007" errors="0">
  <testcase name="testLaunchURL" time="0.007" classname="com.SeleMavenTest"/>
</testsuite> <!-- com.SeleMavenTest -->
